  Estructuras_Proyecto1.cpp
C:\Users\l4kz4\Documents\GitHub\EDD_1S2020_PY1_201801229\Estructuras_Proyecto1\Estructuras_Proyecto1\Estructuras_Proyecto1.cpp(433,51): warning C4018: '<': no coinciden signed/unsigned
C:\Users\l4kz4\Documents\GitHub\EDD_1S2020_PY1_201801229\Estructuras_Proyecto1\Estructuras_Proyecto1\Estructuras_Proyecto1.cpp(515,55): warning C4018: '<': no coinciden signed/unsigned
C:\Users\l4kz4\Documents\GitHub\EDD_1S2020_PY1_201801229\Estructuras_Proyecto1\Estructuras_Proyecto1\Estructuras_Proyecto1.cpp(552,51): warning C4018: '<': no coinciden signed/unsigned
C:\Users\l4kz4\Documents\GitHub\EDD_1S2020_PY1_201801229\Estructuras_Proyecto1\Estructuras_Proyecto1\Estructuras_Proyecto1.cpp(631,55): warning C4018: '<': no coinciden signed/unsigned
C:\Users\l4kz4\Documents\GitHub\EDD_1S2020_PY1_201801229\Estructuras_Proyecto1\Estructuras_Proyecto1\Estructuras_Proyecto1.cpp(671,47): warning C4018: '<': no coinciden signed/unsigned
C:\Users\l4kz4\Documents\GitHub\EDD_1S2020_PY1_201801229\Estructuras_Proyecto1\Estructuras_Proyecto1\Estructuras_Proyecto1.cpp(747,51): warning C4018: '<': no coinciden signed/unsigned
C:\Users\l4kz4\Documents\GitHub\EDD_1S2020_PY1_201801229\Estructuras_Proyecto1\Estructuras_Proyecto1\Estructuras_Proyecto1.cpp(784,47): warning C4018: '<': no coinciden signed/unsigned
C:\Users\l4kz4\Documents\GitHub\EDD_1S2020_PY1_201801229\Estructuras_Proyecto1\Estructuras_Proyecto1\Estructuras_Proyecto1.cpp(862,51): warning C4018: '<': no coinciden signed/unsigned
C:\Users\l4kz4\Documents\GitHub\EDD_1S2020_PY1_201801229\Estructuras_Proyecto1\Estructuras_Proyecto1\Estructuras_Proyecto1.cpp(972,51): warning C4018: '<': no coinciden signed/unsigned
C:\Users\l4kz4\Documents\GitHub\EDD_1S2020_PY1_201801229\Estructuras_Proyecto1\Estructuras_Proyecto1\Estructuras_Proyecto1.cpp(1051,55): warning C4018: '<': no coinciden signed/unsigned
C:\Users\l4kz4\Documents\GitHub\EDD_1S2020_PY1_201801229\Estructuras_Proyecto1\Estructuras_Proyecto1\Estructuras_Proyecto1.cpp(1088,51): warning C4018: '<': no coinciden signed/unsigned
C:\Users\l4kz4\Documents\GitHub\EDD_1S2020_PY1_201801229\Estructuras_Proyecto1\Estructuras_Proyecto1\Estructuras_Proyecto1.cpp(1167,55): warning C4018: '<': no coinciden signed/unsigned
C:\Users\l4kz4\Documents\GitHub\EDD_1S2020_PY1_201801229\Estructuras_Proyecto1\Estructuras_Proyecto1\Estructuras_Proyecto1.cpp(1207,51): warning C4018: '<': no coinciden signed/unsigned
C:\Users\l4kz4\Documents\GitHub\EDD_1S2020_PY1_201801229\Estructuras_Proyecto1\Estructuras_Proyecto1\Estructuras_Proyecto1.cpp(1284,55): warning C4018: '<': no coinciden signed/unsigned
C:\Users\l4kz4\Documents\GitHub\EDD_1S2020_PY1_201801229\Estructuras_Proyecto1\Estructuras_Proyecto1\Estructuras_Proyecto1.cpp(1321,51): warning C4018: '<': no coinciden signed/unsigned
C:\Users\l4kz4\Documents\GitHub\EDD_1S2020_PY1_201801229\Estructuras_Proyecto1\Estructuras_Proyecto1\Estructuras_Proyecto1.cpp(1399,55): warning C4018: '<': no coinciden signed/unsigned
C:\Users\l4kz4\Documents\GitHub\EDD_1S2020_PY1_201801229\Estructuras_Proyecto1\Estructuras_Proyecto1\Estructuras_Proyecto1.cpp(1481,22): warning C4018: '<': no coinciden signed/unsigned
C:\Users\l4kz4\Documents\GitHub\EDD_1S2020_PY1_201801229\Estructuras_Proyecto1\Estructuras_Proyecto1\Estructuras_Proyecto1.cpp(1485,23): warning C4018: '<': no coinciden signed/unsigned
C:\Users\l4kz4\Documents\GitHub\EDD_1S2020_PY1_201801229\Estructuras_Proyecto1\Estructuras_Proyecto1\Estructuras_Proyecto1.cpp(1489,23): warning C4018: '<': no coinciden signed/unsigned
C:\Users\l4kz4\Documents\GitHub\EDD_1S2020_PY1_201801229\Estructuras_Proyecto1\Estructuras_Proyecto1\FichasJugador.h(25): warning C4715: 'FichasJugador::listaVacia': no todas las rutas de acceso de control devuelven un valor
C:\Users\l4kz4\Documents\GitHub\EDD_1S2020_PY1_201801229\Estructuras_Proyecto1\Estructuras_Proyecto1\ArbolJugador.h(59): warning C4715: 'ArbolJugador::buscarJugador': no todas las rutas de acceso de control devuelven un valor
C:\Users\l4kz4\Documents\GitHub\EDD_1S2020_PY1_201801229\Estructuras_Proyecto1\Estructuras_Proyecto1\ColaLetras.h(23): warning C4715: 'ColaLetras::listaVacia': no todas las rutas de acceso de control devuelven un valor
  Estructuras_Proyecto1.vcxproj -> C:\Users\l4kz4\Documents\GitHub\EDD_1S2020_PY1_201801229\Estructuras_Proyecto1\Debug\Estructuras_Proyecto1.exe
